<?xml version="1.0" encoding="UTF-8"?>
<testng-results ignored="3" total="4" passed="1" failed="0" skipped="0">
  <reporter-output>
  </reporter-output>
  <suite started-at="2022-02-14T09:35:01 IST" name="Default suite" finished-at="2022-02-14T09:35:05 IST" duration-ms="4080">
    <groups>
    </groups>
    <test started-at="2022-02-14T09:35:01 IST" name="Default test" finished-at="2022-02-14T09:35:05 IST" duration-ms="4080">
      <class name="epam.com.RestAssured.ApiAssignment">
        <test-method is-config="true" signature="setup()[pri:0, instance:epam.com.RestAssured.ApiAssignment@16a0ee18]" started-at="2022-02-14T09:35:01 IST" name="setup" finished-at="2022-02-14T09:35:03 IST" duration-ms="1518" status="PASS">
          <reporter-output>
          </reporter-output>
        </test-method> <!-- setup -->
        <test-method signature="noUnauthenticationUserGetData()[pri:0, instance:epam.com.RestAssured.ApiAssignment@16a0ee18]" started-at="2022-02-14T09:35:03 IST" name="noUnauthenticationUserGetData" finished-at="2022-02-14T09:35:05 IST" duration-ms="2480" status="PASS">
          <reporter-output>
          </reporter-output>
        </test-method> <!-- noUnauthenticationUserGetData -->
      </class> <!-- epam.com.RestAssured.ApiAssignment -->
    </test> <!-- Default test -->
  </suite> <!-- Default suite -->
</testng-results>
