<?xml version="1.0" encoding="UTF-8"?>
<!-- Generated by org.testng.reporters.JUnitXMLReporter -->
<testsuite ignored="3" hostname="EPINPUNW039D" failures="0" tests="1" name="Default test" time="4.08" errors="0" timestamp="2022-02-14T09:35:05 IST">
  <testcase classname="epam.com.RestAssured.ApiAssignment" name="noUnauthenticationUserGetData" time="2.48"/>
  <testcase classname="epam.com.RestAssured.ApiAssignment" name="testPostObjectLogin" time="0.0">
    <ignored/>
  </testcase> <!-- testPostObjectLogin -->
  <testcase classname="epam.com.RestAssured.ApiAssignment" name="testPostObjectResigtrator" time="0.0">
    <ignored/>
  </testcase> <!-- testPostObjectResigtrator -->
  <testcase classname="epam.com.RestAssured.ApiAssignment" name="testPostObjectGETResponse" time="0.0">
    <ignored/>
  </testcase> <!-- testPostObjectGETResponse -->
</testsuite> <!-- Default test -->
