<?xml version="1.0" encoding="UTF-8"?>
<testng-results ignored="0" total="1" passed="1" failed="0" skipped="0">
  <reporter-output>
  </reporter-output>
  <suite started-at="2022-02-17T01:04:39 IST" name="Default suite" finished-at="2022-02-17T01:04:44 IST" duration-ms="5297">
    <groups>
    </groups>
    <test started-at="2022-02-17T01:04:39 IST" name="Default test" finished-at="2022-02-17T01:04:44 IST" duration-ms="5297">
      <class name="epam.com.SeleniumTestCases.UiAutomationFactoryAssignment2">
        <test-method signature="factory()[pri:0, instance:epam.com.SeleniumTestCases.UiAutomationFactoryAssignment2@3c7f66c4]" started-at="2022-02-17T01:04:39 IST" name="factory" finished-at="2022-02-17T01:04:44 IST" duration-ms="5271" status="PASS">
          <reporter-output>
          </reporter-output>
        </test-method> <!-- factory -->
      </class> <!-- epam.com.SeleniumTestCases.UiAutomationFactoryAssignment2 -->
    </test> <!-- Default test -->
  </suite> <!-- Default suite -->
</testng-results>
