<?xml version="1.0" encoding="UTF-8"?>
<!-- Generated by org.testng.reporters.JUnitXMLReporter -->
<testsuite ignored="4" hostname="EPINPUNW039D" failures="0" tests="0" time="0.015" errors="0" timestamp="2022-02-10T23:29:19 IST">
  <testcase classname="TestAutomation.testng.exception.TestLibrary" name="testaddMember" time="0.0">
    <ignored/>
  </testcase> <!-- testaddMember -->
  <testcase classname="TestAutomation.testng.exception.TestLibrary" name="testAddMember" time="0.0">
    <ignored/>
  </testcase> <!-- testAddMember -->
  <testcase classname="TestAutomation.testng.exception.TestLibrary" name="issuedBook" time="0.0">
    <ignored/>
  </testcase> <!-- issuedBook -->
  <testcase classname="TestAutomation.testng.exception.TestLibrary" name="testaddMember1" time="0.0">
    <ignored/>
  </testcase> <!-- testaddMember1 -->
</testsuite>
